
ROM used: 3968 (12%)
          3968 (12%) including unused fragments

          1 Average locations per line
          7 Average locations per statement

RAM used: 282 (14%) at main() level
          315 (15%) worst case

Stack used: 13 worst case (out of 31 total available)

Lines Stmts  %   Files
----- ----- ---  -----
   88    42   7  Mario_USB.c
  406     0   0  ..\..\..\..\..\Program Files\PICC\devices\18F2550.h
  222     0   0  ..\..\..\..\..\Program Files\PICC\drivers\pic18_usb.h
  328     0   0  ..\..\..\..\..\Program Files\PICC\drivers\usb_hw_layer.h
  152     0   0  header.h
 1063     0   0  ..\..\..\..\..\Program Files\PICC\drivers\usb.h
  808   218  38  ..\..\..\..\..\Program Files\PICC\drivers\usb.c
 1281   320  55  ..\..\..\..\..\Program Files\PICC\drivers\pic18_usb.c
----- -----
 4348   580 Total

Page ROM  %  RAM   Vol Diff  Functions:
---- --- --- ---   --- ----  ----------
0     40   1   1             @delay_ms1
0     32   0   0             @const159
0     48   1   0             @const163
0     48   1   0             @const167
0     18   0   0             @const169
0     34   0   0             @const171
0     20   0   0             @const173
0     66   1   0             @const175
0     56   1   3   133  4.3  usb_kbhit
0     64   1   3   133  4.3  usb_tbe
0     36   0   1   134  2.5  usb_detach
0     34   0   0   136  2.2  usb_attach
0      6   0   0    16  1.0  usb_init_cs
0     34   0   1   346  4.6  usb_task
0     14   0   0    61  2.5  usb_init
0    212   3   7  1083  5.4  usb_flush_in
0    166   2  10   320  5.5  usb_put_packet
0    182   2   7   899  4.9  usb_flush_out
0    198   2  12   632  5.7  usb_get_packet_buffer
0     64   1   5   145  3.5  usb_get_packet
0     70   1   4   251  4.6  usb_stall_ep
0     68   1   4   258  4.6  usb_unstall_ep
0     86   1   5   360  5.8  usb_endpoint_stalled
0     22   0   1    88  2.7  usb_set_address
0    370   5  10  1722  9.8  usb_set_configured
0     76   1   3   192  3.2  usb_disable_endpoint
0     22   0   1    93  2.9  usb_disable_endpoints
0      4   0   0    39  2.0  usb_clear_trn
0    126   2   2   638  6.6  usb_isr
0      6   0   0    43  2.0  usb_isr_sof
0     42   1   0   357  4.2  usb_isr_rst
0     32   0   0   508  4.0  usb_init_ep0_setup
0      8   0   0    74  2.8  usb_isr_uerr
0     10   0   0    82  2.8  usb_isr_uidle
0     16   0   0   102  3.3  usb_isr_activity
0     14   0   0   151  3.9  usb_isr_stall
0      6   0   1    30  1.7  usb_request_send_response
0      6   0   0    22  1.2  usb_request_stall
0    336   4   5  2031  7.9  usb_isr_tok_dne
0      8   0   0    29  1.9  usb_enumerated
0     12   0   0    52  2.1  usb_wait_for_enumeration
0     36   0   3   231  4.0  usb_token_reset
0     68   1   3   267  5.9  usb_endpoint_is_valid
0     22   0   1   152  3.0  usb_isr_tok_in_dne
0      6   0   1    48  1.9  usb_isr_tok_out_dne
0     44   1   0   285  5.4  usb_isr_tok_setup_dne
0    166   2   0  1454  8.3  usb_isr_tkn_setup_StandardDevice
0    142   2   3   930  7.7  usb_isr_tkn_setup_StandardInterface
0     96   1   0   753  5.8  usb_isr_tkn_setup_StandardEndpoint
0     98   1   0   790  7.7  usb_Get_Descriptor
0     14   0   0    76  1.8  usb_finish_set_address
0    102   1   4   591  8.6  usb_copy_desc_seg_to_ep
0    236   3   0   804  4.8  MAIN
0     56   1   3   336  5.3  Check_Btns

Program metrics:
    Functions               46
    Statements              580
    Comments                1976
    Volume (V)              33119
    Difficilty (D)          203.3
    Effort to implement (E) 6731655
    Time to implement (T)   103 hours, 53 minutes
    Est Delivered Bugs (B)  12
    Cyclomatic Complexity   113
    Maintainability (MI)    62

 Segment     Used  Free
-----------  ----  ----
00000-00002     4  0  
00004-00006     4  0  
00008-000AC   166  0  
000AE-07FFE  3794  28800  



